<?xml version="1.0" encoding="UTF-8"?>
<!-- Generated by org.testng.reporters.JUnitReportReporter -->
<testsuite hostname="MS017" name="com.mindspark.automation.automation.AutomationPractice" tests="3" failures="0" timestamp="12 Oct 2017 17:07:00 GMT" time="16.579" errors="0">
  <testcase name="RegisterTest2" time="6.371" classname="com.mindspark.automation.automation.AutomationPractice"/>
  <testcase name="SignOnTest1" time="5.515" classname="com.mindspark.automation.automation.AutomationPractice"/>
  <testcase name="SearchTest3" time="4.693" classname="com.mindspark.automation.automation.AutomationPractice"/>
</testsuite> <!-- com.mindspark.automation.automation.AutomationPractice -->
